<?xml version="1.0" encoding="UTF-8"?>
<testsuite xmlns:xsi="http://www.w3.org/2001/XMLSchema-instance" xsi:noNamespaceSchemaLocation="https://maven.apache.org/surefire/maven-surefire-plugin/xsd/surefire-test-report.xsd" name="com.example.demo.NlpAkademijaApplicationTests" time="0.232" tests="3" errors="3" skipped="0" failures="0">
  <properties>
    <property name="sun.desktop" value="windows"/>
    <property name="awt.toolkit" value="sun.awt.windows.WToolkit"/>
    <property name="file.encoding.pkg" value="sun.io"/>
    <property name="java.specification.version" value="1.8"/>
    <property name="sun.cpu.isalist" value="amd64"/>
    <property name="sun.jnu.encoding" value="Cp1252"/>
    <property name="java.class.path" value="D:\PC\Project\Web\NLP Akademija\backend\target\test-classes;D:\PC\Project\Web\NLP Akademija\backend\target\classes;C:\Users\ThinkPad T470s\.m2\repository\org\springframework\boot\spring-boot-starter\2.1.6.RELEASE\spring-boot-starter-2.1.6.RELEASE.jar;C:\Users\ThinkPad T470s\.m2\repository\org\springframework\boot\spring-boot\2.1.6.RELEASE\spring-boot-2.1.6.RELEASE.jar;C:\Users\ThinkPad T470s\.m2\repository\org\springframework\spring-context\5.1.8.RELEASE\spring-context-5.1.8.RELEASE.jar;C:\Users\ThinkPad T470s\.m2\repository\org\springframework\boot\spring-boot-autoconfigure\2.1.6.RELEASE\spring-boot-autoconfigure-2.1.6.RELEASE.jar;C:\Users\ThinkPad T470s\.m2\repository\org\springframework\boot\spring-boot-starter-logging\2.1.6.RELEASE\spring-boot-starter-logging-2.1.6.RELEASE.jar;C:\Users\ThinkPad T470s\.m2\repository\ch\qos\logback\logback-classic\1.2.3\logback-classic-1.2.3.jar;C:\Users\ThinkPad T470s\.m2\repository\ch\qos\logback\logback-core\1.2.3\logback-core-1.2.3.jar;C:\Users\ThinkPad T470s\.m2\repository\org\apache\logging\log4j\log4j-to-slf4j\2.11.2\log4j-to-slf4j-2.11.2.jar;C:\Users\ThinkPad T470s\.m2\repository\org\apache\logging\log4j\log4j-api\2.11.2\log4j-api-2.11.2.jar;C:\Users\ThinkPad T470s\.m2\repository\org\slf4j\jul-to-slf4j\1.7.26\jul-to-slf4j-1.7.26.jar;C:\Users\ThinkPad T470s\.m2\repository\javax\annotation\javax.annotation-api\1.3.2\javax.annotation-api-1.3.2.jar;C:\Users\ThinkPad T470s\.m2\repository\org\springframework\spring-core\5.1.8.RELEASE\spring-core-5.1.8.RELEASE.jar;C:\Users\ThinkPad T470s\.m2\repository\org\springframework\spring-jcl\5.1.8.RELEASE\spring-jcl-5.1.8.RELEASE.jar;C:\Users\ThinkPad T470s\.m2\repository\org\yaml\snakeyaml\1.23\snakeyaml-1.23.jar;C:\Users\ThinkPad T470s\.m2\repository\org\springframework\boot\spring-boot-starter-web\2.1.6.RELEASE\spring-boot-starter-web-2.1.6.RELEASE.jar;C:\Users\ThinkPad T470s\.m2\repository\org\springframework\boot\spring-boot-starter-json\2.1.6.RELEASE\spring-boot-starter-json-2.1.6.RELEASE.jar;C:\Users\ThinkPad T470s\.m2\repository\com\fasterxml\jackson\datatype\jackson-datatype-jdk8\2.9.9\jackson-datatype-jdk8-2.9.9.jar;C:\Users\ThinkPad T470s\.m2\repository\com\fasterxml\jackson\datatype\jackson-datatype-jsr310\2.9.9\jackson-datatype-jsr310-2.9.9.jar;C:\Users\ThinkPad T470s\.m2\repository\com\fasterxml\jackson\module\jackson-module-parameter-names\2.9.9\jackson-module-parameter-names-2.9.9.jar;C:\Users\ThinkPad T470s\.m2\repository\org\hibernate\validator\hibernate-validator\6.0.17.Final\hibernate-validator-6.0.17.Final.jar;C:\Users\ThinkPad T470s\.m2\repository\javax\validation\validation-api\2.0.1.Final\validation-api-2.0.1.Final.jar;C:\Users\ThinkPad T470s\.m2\repository\org\springframework\spring-web\5.1.8.RELEASE\spring-web-5.1.8.RELEASE.jar;C:\Users\ThinkPad T470s\.m2\repository\org\springframework\spring-beans\5.1.8.RELEASE\spring-beans-5.1.8.RELEASE.jar;C:\Users\ThinkPad T470s\.m2\repository\org\springframework\spring-webmvc\5.1.8.RELEASE\spring-webmvc-5.1.8.RELEASE.jar;C:\Users\ThinkPad T470s\.m2\repository\org\springframework\spring-aop\5.1.8.RELEASE\spring-aop-5.1.8.RELEASE.jar;C:\Users\ThinkPad T470s\.m2\repository\org\springframework\spring-expression\5.1.8.RELEASE\spring-expression-5.1.8.RELEASE.jar;C:\Users\ThinkPad T470s\.m2\repository\org\springframework\boot\spring-boot-starter-data-jpa\2.1.6.RELEASE\spring-boot-starter-data-jpa-2.1.6.RELEASE.jar;C:\Users\ThinkPad T470s\.m2\repository\org\springframework\boot\spring-boot-starter-aop\2.1.6.RELEASE\spring-boot-starter-aop-2.1.6.RELEASE.jar;C:\Users\ThinkPad T470s\.m2\repository\org\aspectj\aspectjweaver\1.9.4\aspectjweaver-1.9.4.jar;C:\Users\ThinkPad T470s\.m2\repository\org\springframework\boot\spring-boot-starter-jdbc\2.1.6.RELEASE\spring-boot-starter-jdbc-2.1.6.RELEASE.jar;C:\Users\ThinkPad T470s\.m2\repository\com\zaxxer\HikariCP\3.2.0\HikariCP-3.2.0.jar;C:\Users\ThinkPad T470s\.m2\repository\org\springframework\spring-jdbc\5.1.8.RELEASE\spring-jdbc-5.1.8.RELEASE.jar;C:\Users\ThinkPad T470s\.m2\repository\javax\transaction\javax.transaction-api\1.3\javax.transaction-api-1.3.jar;C:\Users\ThinkPad T470s\.m2\repository\org\springframework\data\spring-data-jpa\2.1.9.RELEASE\spring-data-jpa-2.1.9.RELEASE.jar;C:\Users\ThinkPad T470s\.m2\repository\org\springframework\data\spring-data-commons\2.1.9.RELEASE\spring-data-commons-2.1.9.RELEASE.jar;C:\Users\ThinkPad T470s\.m2\repository\org\springframework\spring-orm\5.1.8.RELEASE\spring-orm-5.1.8.RELEASE.jar;C:\Users\ThinkPad T470s\.m2\repository\org\springframework\spring-tx\5.1.8.RELEASE\spring-tx-5.1.8.RELEASE.jar;C:\Users\ThinkPad T470s\.m2\repository\org\springframework\spring-aspects\5.1.8.RELEASE\spring-aspects-5.1.8.RELEASE.jar;C:\Users\ThinkPad T470s\.m2\repository\mysql\mysql-connector-java\8.0.16\mysql-connector-java-8.0.16.jar;C:\Users\ThinkPad T470s\.m2\repository\com\fasterxml\jackson\core\jackson-databind\2.9.8\jackson-databind-2.9.8.jar;C:\Users\ThinkPad T470s\.m2\repository\com\fasterxml\jackson\core\jackson-annotations\2.9.0\jackson-annotations-2.9.0.jar;C:\Users\ThinkPad T470s\.m2\repository\com\fasterxml\jackson\core\jackson-core\2.9.9\jackson-core-2.9.9.jar;C:\Users\ThinkPad T470s\.m2\repository\net\sf\flexjson\flexjson\2.1\flexjson-2.1.jar;C:\Users\ThinkPad T470s\.m2\repository\com\auth0\java-jwt\3.7.0\java-jwt-3.7.0.jar;C:\Users\ThinkPad T470s\.m2\repository\commons-codec\commons-codec\1.11\commons-codec-1.11.jar;C:\Users\ThinkPad T470s\.m2\repository\org\json\json\20180130\json-20180130.jar;C:\Users\ThinkPad T470s\.m2\repository\org\springframework\boot\spring-boot-starter-test\2.1.6.RELEASE\spring-boot-starter-test-2.1.6.RELEASE.jar;C:\Users\ThinkPad T470s\.m2\repository\org\springframework\boot\spring-boot-test\2.1.6.RELEASE\spring-boot-test-2.1.6.RELEASE.jar;C:\Users\ThinkPad T470s\.m2\repository\org\springframework\boot\spring-boot-test-autoconfigure\2.1.6.RELEASE\spring-boot-test-autoconfigure-2.1.6.RELEASE.jar;C:\Users\ThinkPad T470s\.m2\repository\com\jayway\jsonpath\json-path\2.4.0\json-path-2.4.0.jar;C:\Users\ThinkPad T470s\.m2\repository\net\minidev\json-smart\2.3\json-smart-2.3.jar;C:\Users\ThinkPad T470s\.m2\repository\net\minidev\accessors-smart\1.2\accessors-smart-1.2.jar;C:\Users\ThinkPad T470s\.m2\repository\org\ow2\asm\asm\5.0.4\asm-5.0.4.jar;C:\Users\ThinkPad T470s\.m2\repository\junit\junit\4.12\junit-4.12.jar;C:\Users\ThinkPad T470s\.m2\repository\org\assertj\assertj-core\3.11.1\assertj-core-3.11.1.jar;C:\Users\ThinkPad T470s\.m2\repository\org\mockito\mockito-core\2.23.4\mockito-core-2.23.4.jar;C:\Users\ThinkPad T470s\.m2\repository\net\bytebuddy\byte-buddy-agent\1.9.13\byte-buddy-agent-1.9.13.jar;C:\Users\ThinkPad T470s\.m2\repository\org\objenesis\objenesis\2.6\objenesis-2.6.jar;C:\Users\ThinkPad T470s\.m2\repository\org\hamcrest\hamcrest-core\1.3\hamcrest-core-1.3.jar;C:\Users\ThinkPad T470s\.m2\repository\org\hamcrest\hamcrest-library\1.3\hamcrest-library-1.3.jar;C:\Users\ThinkPad T470s\.m2\repository\org\skyscreamer\jsonassert\1.5.0\jsonassert-1.5.0.jar;C:\Users\ThinkPad T470s\.m2\repository\com\vaadin\external\google\android-json\0.0.20131108.vaadin1\android-json-0.0.20131108.vaadin1.jar;C:\Users\ThinkPad T470s\.m2\repository\org\springframework\spring-test\5.1.8.RELEASE\spring-test-5.1.8.RELEASE.jar;C:\Users\ThinkPad T470s\.m2\repository\org\xmlunit\xmlunit-core\2.6.2\xmlunit-core-2.6.2.jar;C:\Users\ThinkPad T470s\.m2\repository\org\hibernate\hibernate-core\5.4.1.Final\hibernate-core-5.4.1.Final.jar;C:\Users\ThinkPad T470s\.m2\repository\org\jboss\logging\jboss-logging\3.3.2.Final\jboss-logging-3.3.2.Final.jar;C:\Users\ThinkPad T470s\.m2\repository\javax\persistence\javax.persistence-api\2.2\javax.persistence-api-2.2.jar;C:\Users\ThinkPad T470s\.m2\repository\org\javassist\javassist\3.24.0-GA\javassist-3.24.0-GA.jar;C:\Users\ThinkPad T470s\.m2\repository\net\bytebuddy\byte-buddy\1.9.13\byte-buddy-1.9.13.jar;C:\Users\ThinkPad T470s\.m2\repository\antlr\antlr\2.7.7\antlr-2.7.7.jar;C:\Users\ThinkPad T470s\.m2\repository\org\jboss\spec\javax\transaction\jboss-transaction-api_1.2_spec\1.1.1.Final\jboss-transaction-api_1.2_spec-1.1.1.Final.jar;C:\Users\ThinkPad T470s\.m2\repository\org\jboss\jandex\2.0.5.Final\jandex-2.0.5.Final.jar;C:\Users\ThinkPad T470s\.m2\repository\com\fasterxml\classmate\1.4.0\classmate-1.4.0.jar;C:\Users\ThinkPad T470s\.m2\repository\javax\activation\javax.activation-api\1.2.0\javax.activation-api-1.2.0.jar;C:\Users\ThinkPad T470s\.m2\repository\org\dom4j\dom4j\2.1.1\dom4j-2.1.1.jar;C:\Users\ThinkPad T470s\.m2\repository\org\hibernate\common\hibernate-commons-annotations\5.1.0.Final\hibernate-commons-annotations-5.1.0.Final.jar;C:\Users\ThinkPad T470s\.m2\repository\org\glassfish\jaxb\jaxb-runtime\2.3.1\jaxb-runtime-2.3.1.jar;C:\Users\ThinkPad T470s\.m2\repository\org\glassfish\jaxb\txw2\2.3.1\txw2-2.3.1.jar;C:\Users\ThinkPad T470s\.m2\repository\com\sun\istack\istack-commons-runtime\3.0.7\istack-commons-runtime-3.0.7.jar;C:\Users\ThinkPad T470s\.m2\repository\org\jvnet\staxex\stax-ex\1.8\stax-ex-1.8.jar;C:\Users\ThinkPad T470s\.m2\repository\com\sun\xml\fastinfoset\FastInfoset\1.2.15\FastInfoset-1.2.15.jar;C:\Users\ThinkPad T470s\.m2\repository\org\springframework\boot\spring-boot-starter-tomcat\2.1.6.RELEASE\spring-boot-starter-tomcat-2.1.6.RELEASE.jar;C:\Users\ThinkPad T470s\.m2\repository\org\apache\tomcat\embed\tomcat-embed-core\9.0.21\tomcat-embed-core-9.0.21.jar;C:\Users\ThinkPad T470s\.m2\repository\org\apache\tomcat\embed\tomcat-embed-el\9.0.21\tomcat-embed-el-9.0.21.jar;C:\Users\ThinkPad T470s\.m2\repository\org\apache\tomcat\embed\tomcat-embed-websocket\9.0.21\tomcat-embed-websocket-9.0.21.jar;C:\Users\ThinkPad T470s\.m2\repository\org\apache\httpcomponents\httpclient\4.3.5\httpclient-4.3.5.jar;C:\Users\ThinkPad T470s\.m2\repository\org\apache\httpcomponents\httpcore\4.4.11\httpcore-4.4.11.jar;C:\Users\ThinkPad T470s\.m2\repository\commons-httpclient\commons-httpclient\3.1\commons-httpclient-3.1.jar;C:\Users\ThinkPad T470s\.m2\repository\commons-logging\commons-logging\1.0.4\commons-logging-1.0.4.jar;C:\Users\ThinkPad T470s\.m2\repository\commons-io\commons-io\1.3.2\commons-io-1.3.2.jar;C:\Users\ThinkPad T470s\.m2\repository\com\haulmont\yarg\yarg\2.0.12\yarg-2.0.12.jar;C:\Users\ThinkPad T470s\.m2\repository\org\openoffice\juh\3.0.0\juh-3.0.0.jar;C:\Users\ThinkPad T470s\.m2\repository\org\openoffice\jurt\3.0.0\jurt-3.0.0.jar;C:\Users\ThinkPad T470s\.m2\repository\org\docx4j\docx4j\3.3.6\docx4j-3.3.6.jar;C:\Users\ThinkPad T470s\.m2\repository\net\engio\mbassador\1.2.4.2\mbassador-1.2.4.2.jar;C:\Users\ThinkPad T470s\.m2\repository\org\slf4j\jcl-over-slf4j\1.7.26\jcl-over-slf4j-1.7.26.jar;C:\Users\ThinkPad T470s\.m2\repository\net\arnx\wmf2svg\0.9.8\wmf2svg-0.9.8.jar;C:\Users\ThinkPad T470s\.m2\repository\org\antlr\stringtemplate\3.2.1\stringtemplate-3.2.1.jar;C:\Users\ThinkPad T470s\.m2\repository\com\google\guava\guava\19.0\guava-19.0.jar;C:\Users\ThinkPad T470s\.m2\repository\com\thedeanda\lorem\2.0\lorem-2.0.jar;C:\Users\ThinkPad T470s\.m2\repository\org\apache\avalon\framework\avalon-framework-impl\4.3.1\avalon-framework-impl-4.3.1.jar;C:\Users\ThinkPad T470s\.m2\repository\org\plutext\jaxb-svg11\1.0.2\jaxb-svg11-1.0.2.jar;C:\Users\ThinkPad T470s\.m2\repository\org\xhtmlrenderer\flying-saucer-pdf\9.1.7\flying-saucer-pdf-9.1.7.jar;C:\Users\ThinkPad T470s\.m2\repository\xalan\serializer\2.7.1\serializer-2.7.1.jar;C:\Users\ThinkPad T470s\.m2\repository\xml-apis\xml-apis\1.4.01\xml-apis-1.4.01.jar;C:\Users\ThinkPad T470s\.m2\repository\xalan\xalan\2.7.1\xalan-2.7.1.jar;C:\Users\ThinkPad T470s\.m2\repository\com\haulmont\yarg\yarg-api\2.0.12\yarg-api-2.0.12.jar;C:\Users\ThinkPad T470s\.m2\repository\org\docx4j\docx4j-export-fo\3.3.6\docx4j-export-fo-3.3.6.jar;C:\Users\ThinkPad T470s\.m2\repository\org\plutext\jaxb-xmldsig-core\1.0.0\jaxb-xmldsig-core-1.0.0.jar;C:\Users\ThinkPad T470s\.m2\repository\org\apache\xmlgraphics\fop\2.1\fop-2.1.jar;C:\Users\ThinkPad T470s\.m2\repository\org\apache\xmlgraphics\batik-svg-dom\1.8\batik-svg-dom-1.8.jar;C:\Users\ThinkPad T470s\.m2\repository\org\apache\xmlgraphics\batik-gvt\1.8\batik-gvt-1.8.jar;C:\Users\ThinkPad T470s\.m2\repository\org\apache\xmlgraphics\batik-transcoder\1.8\batik-transcoder-1.8.jar;C:\Users\ThinkPad T470s\.m2\repository\org\apache\xmlgraphics\batik-extension\1.8\batik-extension-1.8.jar;C:\Users\ThinkPad T470s\.m2\repository\org\apache\xmlgraphics\batik-ext\1.8\batik-ext-1.8.jar;C:\Users\ThinkPad T470s\.m2\repository\dom4j\dom4j\1.6.1\dom4j-1.6.1.jar;C:\Users\ThinkPad T470s\.m2\repository\com\lowagie\itext\2.1.7\itext-2.1.7.jar;C:\Users\ThinkPad T470s\.m2\repository\org\apache\xmlgraphics\xmlgraphics-commons\2.1\xmlgraphics-commons-2.1.jar;C:\Users\ThinkPad T470s\.m2\repository\org\docx4j\docx4j-ImportXHTML\3.3.6\docx4j-ImportXHTML-3.3.6.jar;C:\Users\ThinkPad T470s\.m2\repository\org\docx4j\xhtmlrenderer\3.0.0\xhtmlrenderer-3.0.0.jar;C:\Users\ThinkPad T470s\.m2\repository\org\openoffice\ridl\3.0.0\ridl-3.0.0.jar;C:\Users\ThinkPad T470s\.m2\repository\org\antlr\antlr-runtime\3.2\antlr-runtime-3.2.jar;C:\Users\ThinkPad T470s\.m2\repository\org\apache\xmlgraphics\batik-awt-util\1.8\batik-awt-util-1.8.jar;C:\Users\ThinkPad T470s\.m2\repository\org\apache\xmlgraphics\batik-util\1.8\batik-util-1.8.jar;C:\Users\ThinkPad T470s\.m2\repository\org\apache\xmlgraphics\batik-css\1.8\batik-css-1.8.jar;C:\Users\ThinkPad T470s\.m2\repository\xml-apis\xml-apis-ext\1.3.04\xml-apis-ext-1.3.04.jar;C:\Users\ThinkPad T470s\.m2\repository\org\codehaus\groovy\groovy-all\2.4.12\groovy-all-2.4.12.jar;C:\Users\ThinkPad T470s\.m2\repository\org\apache\xmlgraphics\batik-svggen\1.8\batik-svggen-1.8.jar;C:\Users\ThinkPad T470s\.m2\repository\org\apache\poi\poi-scratchpad\3.9\poi-scratchpad-3.9.jar;C:\Users\ThinkPad T470s\.m2\repository\org\freemarker\freemarker\2.3.28\freemarker-2.3.28.jar;C:\Users\ThinkPad T470s\.m2\repository\org\apache\xmlgraphics\batik-bridge\1.8\batik-bridge-1.8.jar;C:\Users\ThinkPad T470s\.m2\repository\org\apache\xmlgraphics\batik-anim\1.8\batik-anim-1.8.jar;C:\Users\ThinkPad T470s\.m2\repository\org\apache\xmlgraphics\batik-dom\1.8\batik-dom-1.8.jar;C:\Users\ThinkPad T470s\.m2\repository\org\apache\xmlgraphics\batik-parser\1.8\batik-parser-1.8.jar;C:\Users\ThinkPad T470s\.m2\repository\org\apache\xmlgraphics\batik-script\1.8\batik-script-1.8.jar;C:\Users\ThinkPad T470s\.m2\repository\org\apache\xmlgraphics\batik-xml\1.8\batik-xml-1.8.jar;C:\Users\ThinkPad T470s\.m2\repository\org\openoffice\unoil\3.0.0\unoil-3.0.0.jar;C:\Users\ThinkPad T470s\.m2\repository\org\slf4j\slf4j-api\1.7.26\slf4j-api-1.7.26.jar;C:\Users\ThinkPad T470s\.m2\repository\org\apache\poi\poi\3.15\poi-3.15.jar;C:\Users\ThinkPad T470s\.m2\repository\org\apache\commons\commons-collections4\4.1\commons-collections4-4.1.jar;C:\Users\ThinkPad T470s\.m2\repository\org\olap4j\olap4j\1.2.0\olap4j-1.2.0.jar;C:\Users\ThinkPad T470s\.m2\repository\xerces\xercesImpl\2.11.0\xercesImpl-2.11.0.jar;C:\Users\ThinkPad T470s\.m2\repository\org\apache\commons\commons-lang3\3.8.1\commons-lang3-3.8.1.jar;C:\Users\ThinkPad T470s\.m2\repository\org\plutext\jaxb-xslfo\1.0.1\jaxb-xslfo-1.0.1.jar;C:\Users\ThinkPad T470s\.m2\repository\org\xhtmlrenderer\flying-saucer-core\9.1.7\flying-saucer-core-9.1.7.jar;C:\Users\ThinkPad T470s\.m2\repository\org\apache\avalon\framework\avalon-framework-api\4.3.1\avalon-framework-api-4.3.1.jar;C:\Users\ThinkPad T470s\.m2\repository\org\jsoup\jsoup\1.10.3\jsoup-1.10.3.jar;C:\Users\ThinkPad T470s\.m2\repository\com\opencsv\opencsv\3.10\opencsv-3.10.jar;C:\Users\ThinkPad T470s\.m2\repository\commons-beanutils\commons-beanutils\1.9.3\commons-beanutils-1.9.3.jar;C:\Users\ThinkPad T470s\.m2\repository\net\sf\jasperreports\jasperreports\6.4.1\jasperreports-6.4.1.jar;C:\Users\ThinkPad T470s\.m2\repository\commons-collections\commons-collections\3.2.2\commons-collections-3.2.2.jar;C:\Users\ThinkPad T470s\.m2\repository\commons-digester\commons-digester\2.1\commons-digester-2.1.jar;C:\Users\ThinkPad T470s\.m2\repository\org\jfree\jcommon\1.0.23\jcommon-1.0.23.jar;C:\Users\ThinkPad T470s\.m2\repository\org\jfree\jfreechart\1.0.19\jfreechart-1.0.19.jar;C:\Users\ThinkPad T470s\.m2\repository\org\codehaus\castor\castor-xml\1.3.3\castor-xml-1.3.3.jar;C:\Users\ThinkPad T470s\.m2\repository\org\codehaus\castor\castor-core\1.3.3\castor-core-1.3.3.jar;C:\Users\ThinkPad T470s\.m2\repository\commons-lang\commons-lang\2.6\commons-lang-2.6.jar;C:\Users\ThinkPad T470s\.m2\repository\javax\inject\javax.inject\1\javax.inject-1.jar;C:\Users\ThinkPad T470s\.m2\repository\stax\stax\1.2.0\stax-1.2.0.jar;C:\Users\ThinkPad T470s\.m2\repository\stax\stax-api\1.0.1\stax-api-1.0.1.jar;C:\Users\ThinkPad T470s\.m2\repository\javax\xml\stream\stax-api\1.0-2\stax-api-1.0-2.jar;C:\Users\ThinkPad T470s\.m2\repository\org\apache\lucene\lucene-core\4.5.1\lucene-core-4.5.1.jar;C:\Users\ThinkPad T470s\.m2\repository\org\apache\lucene\lucene-analyzers-common\4.5.1\lucene-analyzers-common-4.5.1.jar;C:\Users\ThinkPad T470s\.m2\repository\org\apache\lucene\lucene-queryparser\4.5.1\lucene-queryparser-4.5.1.jar;C:\Users\ThinkPad T470s\.m2\repository\org\apache\lucene\lucene-queries\4.5.1\lucene-queries-4.5.1.jar;C:\Users\ThinkPad T470s\.m2\repository\org\apache\lucene\lucene-sandbox\4.5.1\lucene-sandbox-4.5.1.jar;C:\Users\ThinkPad T470s\.m2\repository\jakarta-regexp\jakarta-regexp\1.4\jakarta-regexp-1.4.jar;C:\Users\ThinkPad T470s\.m2\repository\org\apache\httpcomponents\httpmime\4.5.9\httpmime-4.5.9.jar;C:\Users\ThinkPad T470s\.m2\repository\org\eclipse\persistence\eclipselink\2.5.2\eclipselink-2.5.2.jar;C:\Users\ThinkPad T470s\.m2\repository\org\eclipse\persistence\javax.persistence\2.1.0\javax.persistence-2.1.0.jar;C:\Users\ThinkPad T470s\.m2\repository\org\eclipse\persistence\commonj.sdo\2.1.1\commonj.sdo-2.1.1.jar;C:\Users\ThinkPad T470s\.m2\repository\org\eclipse\persistence\org.eclipse.persistence.jpa.modelgen.processor\2.5.2\org.eclipse.persistence.jpa.modelgen.processor-2.5.2.jar;C:\Users\ThinkPad T470s\.m2\repository\org\eclipse\persistence\org.eclipse.persistence.core\2.5.2\org.eclipse.persistence.core-2.5.2.jar;C:\Users\ThinkPad T470s\.m2\repository\org\eclipse\persistence\org.eclipse.persistence.asm\2.5.2\org.eclipse.persistence.asm-2.5.2.jar;C:\Users\ThinkPad T470s\.m2\repository\org\eclipse\persistence\org.eclipse.persistence.jpa\2.5.2\org.eclipse.persistence.jpa-2.5.2.jar;C:\Users\ThinkPad T470s\.m2\repository\org\eclipse\persistence\org.eclipse.persistence.antlr\2.5.2\org.eclipse.persistence.antlr-2.5.2.jar;C:\Users\ThinkPad T470s\.m2\repository\org\eclipse\persistence\org.eclipse.persistence.jpa.jpql\2.5.2\org.eclipse.persistence.jpa.jpql-2.5.2.jar;C:\Users\ThinkPad T470s\.m2\repository\javax\xml\bind\jaxb-api\2.3.0\jaxb-api-2.3.0.jar;C:\Users\ThinkPad T470s\.m2\repository\org\springframework\boot\spring-boot-starter-mail\2.1.6.RELEASE\spring-boot-starter-mail-2.1.6.RELEASE.jar;C:\Users\ThinkPad T470s\.m2\repository\org\springframework\spring-context-support\5.1.8.RELEASE\spring-context-support-5.1.8.RELEASE.jar;C:\Users\ThinkPad T470s\.m2\repository\com\sun\mail\javax.mail\1.6.2\javax.mail-1.6.2.jar;C:\Users\ThinkPad T470s\.m2\repository\javax\activation\activation\1.1\activation-1.1.jar;C:\Users\ThinkPad T470s\.m2\repository\org\postgresql\postgresql\42.2.5\postgresql-42.2.5.jar;C:\Users\ThinkPad T470s\.m2\repository\com\google\web\bindery\requestfactory-server\2.5.1\requestfactory-server-2.5.1.jar;"/>
    <property name="java.vm.vendor" value="Oracle Corporation"/>
    <property name="sun.arch.data.model" value="64"/>
    <property name="user.variant" value=""/>
    <property name="java.vendor.url" value="http://java.oracle.com/"/>
    <property name="user.timezone" value="Europe/Prague"/>
    <property name="java.vm.specification.version" value="1.8"/>
    <property name="os.name" value="Windows 10"/>
    <property name="user.country" value="GB"/>
    <property name="sun.java.launcher" value="SUN_STANDARD"/>
    <property name="sun.boot.library.path" value="C:\Program Files\Java\jdk1.8.0_221\jre\bin"/>
    <property name="sun.java.command" value="C:\Users\THINKP~1\AppData\Local\Temp\surefire2469684153105527268\surefirebooter6166066110589808253.jar C:\Users\ThinkPad T470s\AppData\Local\Temp\surefire2469684153105527268 2019-12-10T17-22-19_282-jvmRun1 surefire244577416165527603tmp surefire_02800366868612909418tmp"/>
    <property name="surefire.test.class.path" value="D:\PC\Project\Web\NLP Akademija\backend\target\test-classes;D:\PC\Project\Web\NLP Akademija\backend\target\classes;C:\Users\ThinkPad T470s\.m2\repository\org\springframework\boot\spring-boot-starter\2.1.6.RELEASE\spring-boot-starter-2.1.6.RELEASE.jar;C:\Users\ThinkPad T470s\.m2\repository\org\springframework\boot\spring-boot\2.1.6.RELEASE\spring-boot-2.1.6.RELEASE.jar;C:\Users\ThinkPad T470s\.m2\repository\org\springframework\spring-context\5.1.8.RELEASE\spring-context-5.1.8.RELEASE.jar;C:\Users\ThinkPad T470s\.m2\repository\org\springframework\boot\spring-boot-autoconfigure\2.1.6.RELEASE\spring-boot-autoconfigure-2.1.6.RELEASE.jar;C:\Users\ThinkPad T470s\.m2\repository\org\springframework\boot\spring-boot-starter-logging\2.1.6.RELEASE\spring-boot-starter-logging-2.1.6.RELEASE.jar;C:\Users\ThinkPad T470s\.m2\repository\ch\qos\logback\logback-classic\1.2.3\logback-classic-1.2.3.jar;C:\Users\ThinkPad T470s\.m2\repository\ch\qos\logback\logback-core\1.2.3\logback-core-1.2.3.jar;C:\Users\ThinkPad T470s\.m2\repository\org\apache\logging\log4j\log4j-to-slf4j\2.11.2\log4j-to-slf4j-2.11.2.jar;C:\Users\ThinkPad T470s\.m2\repository\org\apache\logging\log4j\log4j-api\2.11.2\log4j-api-2.11.2.jar;C:\Users\ThinkPad T470s\.m2\repository\org\slf4j\jul-to-slf4j\1.7.26\jul-to-slf4j-1.7.26.jar;C:\Users\ThinkPad T470s\.m2\repository\javax\annotation\javax.annotation-api\1.3.2\javax.annotation-api-1.3.2.jar;C:\Users\ThinkPad T470s\.m2\repository\org\springframework\spring-core\5.1.8.RELEASE\spring-core-5.1.8.RELEASE.jar;C:\Users\ThinkPad T470s\.m2\repository\org\springframework\spring-jcl\5.1.8.RELEASE\spring-jcl-5.1.8.RELEASE.jar;C:\Users\ThinkPad T470s\.m2\repository\org\yaml\snakeyaml\1.23\snakeyaml-1.23.jar;C:\Users\ThinkPad T470s\.m2\repository\org\springframework\boot\spring-boot-starter-web\2.1.6.RELEASE\spring-boot-starter-web-2.1.6.RELEASE.jar;C:\Users\ThinkPad T470s\.m2\repository\org\springframework\boot\spring-boot-starter-json\2.1.6.RELEASE\spring-boot-starter-json-2.1.6.RELEASE.jar;C:\Users\ThinkPad T470s\.m2\repository\com\fasterxml\jackson\datatype\jackson-datatype-jdk8\2.9.9\jackson-datatype-jdk8-2.9.9.jar;C:\Users\ThinkPad T470s\.m2\repository\com\fasterxml\jackson\datatype\jackson-datatype-jsr310\2.9.9\jackson-datatype-jsr310-2.9.9.jar;C:\Users\ThinkPad T470s\.m2\repository\com\fasterxml\jackson\module\jackson-module-parameter-names\2.9.9\jackson-module-parameter-names-2.9.9.jar;C:\Users\ThinkPad T470s\.m2\repository\org\hibernate\validator\hibernate-validator\6.0.17.Final\hibernate-validator-6.0.17.Final.jar;C:\Users\ThinkPad T470s\.m2\repository\javax\validation\validation-api\2.0.1.Final\validation-api-2.0.1.Final.jar;C:\Users\ThinkPad T470s\.m2\repository\org\springframework\spring-web\5.1.8.RELEASE\spring-web-5.1.8.RELEASE.jar;C:\Users\ThinkPad T470s\.m2\repository\org\springframework\spring-beans\5.1.8.RELEASE\spring-beans-5.1.8.RELEASE.jar;C:\Users\ThinkPad T470s\.m2\repository\org\springframework\spring-webmvc\5.1.8.RELEASE\spring-webmvc-5.1.8.RELEASE.jar;C:\Users\ThinkPad T470s\.m2\repository\org\springframework\spring-aop\5.1.8.RELEASE\spring-aop-5.1.8.RELEASE.jar;C:\Users\ThinkPad T470s\.m2\repository\org\springframework\spring-expression\5.1.8.RELEASE\spring-expression-5.1.8.RELEASE.jar;C:\Users\ThinkPad T470s\.m2\repository\org\springframework\boot\spring-boot-starter-data-jpa\2.1.6.RELEASE\spring-boot-starter-data-jpa-2.1.6.RELEASE.jar;C:\Users\ThinkPad T470s\.m2\repository\org\springframework\boot\spring-boot-starter-aop\2.1.6.RELEASE\spring-boot-starter-aop-2.1.6.RELEASE.jar;C:\Users\ThinkPad T470s\.m2\repository\org\aspectj\aspectjweaver\1.9.4\aspectjweaver-1.9.4.jar;C:\Users\ThinkPad T470s\.m2\repository\org\springframework\boot\spring-boot-starter-jdbc\2.1.6.RELEASE\spring-boot-starter-jdbc-2.1.6.RELEASE.jar;C:\Users\ThinkPad T470s\.m2\repository\com\zaxxer\HikariCP\3.2.0\HikariCP-3.2.0.jar;C:\Users\ThinkPad T470s\.m2\repository\org\springframework\spring-jdbc\5.1.8.RELEASE\spring-jdbc-5.1.8.RELEASE.jar;C:\Users\ThinkPad T470s\.m2\repository\javax\transaction\javax.transaction-api\1.3\javax.transaction-api-1.3.jar;C:\Users\ThinkPad T470s\.m2\repository\org\springframework\data\spring-data-jpa\2.1.9.RELEASE\spring-data-jpa-2.1.9.RELEASE.jar;C:\Users\ThinkPad T470s\.m2\repository\org\springframework\data\spring-data-commons\2.1.9.RELEASE\spring-data-commons-2.1.9.RELEASE.jar;C:\Users\ThinkPad T470s\.m2\repository\org\springframework\spring-orm\5.1.8.RELEASE\spring-orm-5.1.8.RELEASE.jar;C:\Users\ThinkPad T470s\.m2\repository\org\springframework\spring-tx\5.1.8.RELEASE\spring-tx-5.1.8.RELEASE.jar;C:\Users\ThinkPad T470s\.m2\repository\org\springframework\spring-aspects\5.1.8.RELEASE\spring-aspects-5.1.8.RELEASE.jar;C:\Users\ThinkPad T470s\.m2\repository\mysql\mysql-connector-java\8.0.16\mysql-connector-java-8.0.16.jar;C:\Users\ThinkPad T470s\.m2\repository\com\fasterxml\jackson\core\jackson-databind\2.9.8\jackson-databind-2.9.8.jar;C:\Users\ThinkPad T470s\.m2\repository\com\fasterxml\jackson\core\jackson-annotations\2.9.0\jackson-annotations-2.9.0.jar;C:\Users\ThinkPad T470s\.m2\repository\com\fasterxml\jackson\core\jackson-core\2.9.9\jackson-core-2.9.9.jar;C:\Users\ThinkPad T470s\.m2\repository\net\sf\flexjson\flexjson\2.1\flexjson-2.1.jar;C:\Users\ThinkPad T470s\.m2\repository\com\auth0\java-jwt\3.7.0\java-jwt-3.7.0.jar;C:\Users\ThinkPad T470s\.m2\repository\commons-codec\commons-codec\1.11\commons-codec-1.11.jar;C:\Users\ThinkPad T470s\.m2\repository\org\json\json\20180130\json-20180130.jar;C:\Users\ThinkPad T470s\.m2\repository\org\springframework\boot\spring-boot-starter-test\2.1.6.RELEASE\spring-boot-starter-test-2.1.6.RELEASE.jar;C:\Users\ThinkPad T470s\.m2\repository\org\springframework\boot\spring-boot-test\2.1.6.RELEASE\spring-boot-test-2.1.6.RELEASE.jar;C:\Users\ThinkPad T470s\.m2\repository\org\springframework\boot\spring-boot-test-autoconfigure\2.1.6.RELEASE\spring-boot-test-autoconfigure-2.1.6.RELEASE.jar;C:\Users\ThinkPad T470s\.m2\repository\com\jayway\jsonpath\json-path\2.4.0\json-path-2.4.0.jar;C:\Users\ThinkPad T470s\.m2\repository\net\minidev\json-smart\2.3\json-smart-2.3.jar;C:\Users\ThinkPad T470s\.m2\repository\net\minidev\accessors-smart\1.2\accessors-smart-1.2.jar;C:\Users\ThinkPad T470s\.m2\repository\org\ow2\asm\asm\5.0.4\asm-5.0.4.jar;C:\Users\ThinkPad T470s\.m2\repository\junit\junit\4.12\junit-4.12.jar;C:\Users\ThinkPad T470s\.m2\repository\org\assertj\assertj-core\3.11.1\assertj-core-3.11.1.jar;C:\Users\ThinkPad T470s\.m2\repository\org\mockito\mockito-core\2.23.4\mockito-core-2.23.4.jar;C:\Users\ThinkPad T470s\.m2\repository\net\bytebuddy\byte-buddy-agent\1.9.13\byte-buddy-agent-1.9.13.jar;C:\Users\ThinkPad T470s\.m2\repository\org\objenesis\objenesis\2.6\objenesis-2.6.jar;C:\Users\ThinkPad T470s\.m2\repository\org\hamcrest\hamcrest-core\1.3\hamcrest-core-1.3.jar;C:\Users\ThinkPad T470s\.m2\repository\org\hamcrest\hamcrest-library\1.3\hamcrest-library-1.3.jar;C:\Users\ThinkPad T470s\.m2\repository\org\skyscreamer\jsonassert\1.5.0\jsonassert-1.5.0.jar;C:\Users\ThinkPad T470s\.m2\repository\com\vaadin\external\google\android-json\0.0.20131108.vaadin1\android-json-0.0.20131108.vaadin1.jar;C:\Users\ThinkPad T470s\.m2\repository\org\springframework\spring-test\5.1.8.RELEASE\spring-test-5.1.8.RELEASE.jar;C:\Users\ThinkPad T470s\.m2\repository\org\xmlunit\xmlunit-core\2.6.2\xmlunit-core-2.6.2.jar;C:\Users\ThinkPad T470s\.m2\repository\org\hibernate\hibernate-core\5.4.1.Final\hibernate-core-5.4.1.Final.jar;C:\Users\ThinkPad T470s\.m2\repository\org\jboss\logging\jboss-logging\3.3.2.Final\jboss-logging-3.3.2.Final.jar;C:\Users\ThinkPad T470s\.m2\repository\javax\persistence\javax.persistence-api\2.2\javax.persistence-api-2.2.jar;C:\Users\ThinkPad T470s\.m2\repository\org\javassist\javassist\3.24.0-GA\javassist-3.24.0-GA.jar;C:\Users\ThinkPad T470s\.m2\repository\net\bytebuddy\byte-buddy\1.9.13\byte-buddy-1.9.13.jar;C:\Users\ThinkPad T470s\.m2\repository\antlr\antlr\2.7.7\antlr-2.7.7.jar;C:\Users\ThinkPad T470s\.m2\repository\org\jboss\spec\javax\transaction\jboss-transaction-api_1.2_spec\1.1.1.Final\jboss-transaction-api_1.2_spec-1.1.1.Final.jar;C:\Users\ThinkPad T470s\.m2\repository\org\jboss\jandex\2.0.5.Final\jandex-2.0.5.Final.jar;C:\Users\ThinkPad T470s\.m2\repository\com\fasterxml\classmate\1.4.0\classmate-1.4.0.jar;C:\Users\ThinkPad T470s\.m2\repository\javax\activation\javax.activation-api\1.2.0\javax.activation-api-1.2.0.jar;C:\Users\ThinkPad T470s\.m2\repository\org\dom4j\dom4j\2.1.1\dom4j-2.1.1.jar;C:\Users\ThinkPad T470s\.m2\repository\org\hibernate\common\hibernate-commons-annotations\5.1.0.Final\hibernate-commons-annotations-5.1.0.Final.jar;C:\Users\ThinkPad T470s\.m2\repository\org\glassfish\jaxb\jaxb-runtime\2.3.1\jaxb-runtime-2.3.1.jar;C:\Users\ThinkPad T470s\.m2\repository\org\glassfish\jaxb\txw2\2.3.1\txw2-2.3.1.jar;C:\Users\ThinkPad T470s\.m2\repository\com\sun\istack\istack-commons-runtime\3.0.7\istack-commons-runtime-3.0.7.jar;C:\Users\ThinkPad T470s\.m2\repository\org\jvnet\staxex\stax-ex\1.8\stax-ex-1.8.jar;C:\Users\ThinkPad T470s\.m2\repository\com\sun\xml\fastinfoset\FastInfoset\1.2.15\FastInfoset-1.2.15.jar;C:\Users\ThinkPad T470s\.m2\repository\org\springframework\boot\spring-boot-starter-tomcat\2.1.6.RELEASE\spring-boot-starter-tomcat-2.1.6.RELEASE.jar;C:\Users\ThinkPad T470s\.m2\repository\org\apache\tomcat\embed\tomcat-embed-core\9.0.21\tomcat-embed-core-9.0.21.jar;C:\Users\ThinkPad T470s\.m2\repository\org\apache\tomcat\embed\tomcat-embed-el\9.0.21\tomcat-embed-el-9.0.21.jar;C:\Users\ThinkPad T470s\.m2\repository\org\apache\tomcat\embed\tomcat-embed-websocket\9.0.21\tomcat-embed-websocket-9.0.21.jar;C:\Users\ThinkPad T470s\.m2\repository\org\apache\httpcomponents\httpclient\4.3.5\httpclient-4.3.5.jar;C:\Users\ThinkPad T470s\.m2\repository\org\apache\httpcomponents\httpcore\4.4.11\httpcore-4.4.11.jar;C:\Users\ThinkPad T470s\.m2\repository\commons-httpclient\commons-httpclient\3.1\commons-httpclient-3.1.jar;C:\Users\ThinkPad T470s\.m2\repository\commons-logging\commons-logging\1.0.4\commons-logging-1.0.4.jar;C:\Users\ThinkPad T470s\.m2\repository\commons-io\commons-io\1.3.2\commons-io-1.3.2.jar;C:\Users\ThinkPad T470s\.m2\repository\com\haulmont\yarg\yarg\2.0.12\yarg-2.0.12.jar;C:\Users\ThinkPad T470s\.m2\repository\org\openoffice\juh\3.0.0\juh-3.0.0.jar;C:\Users\ThinkPad T470s\.m2\repository\org\openoffice\jurt\3.0.0\jurt-3.0.0.jar;C:\Users\ThinkPad T470s\.m2\repository\org\docx4j\docx4j\3.3.6\docx4j-3.3.6.jar;C:\Users\ThinkPad T470s\.m2\repository\net\engio\mbassador\1.2.4.2\mbassador-1.2.4.2.jar;C:\Users\ThinkPad T470s\.m2\repository\org\slf4j\jcl-over-slf4j\1.7.26\jcl-over-slf4j-1.7.26.jar;C:\Users\ThinkPad T470s\.m2\repository\net\arnx\wmf2svg\0.9.8\wmf2svg-0.9.8.jar;C:\Users\ThinkPad T470s\.m2\repository\org\antlr\stringtemplate\3.2.1\stringtemplate-3.2.1.jar;C:\Users\ThinkPad T470s\.m2\repository\com\google\guava\guava\19.0\guava-19.0.jar;C:\Users\ThinkPad T470s\.m2\repository\com\thedeanda\lorem\2.0\lorem-2.0.jar;C:\Users\ThinkPad T470s\.m2\repository\org\apache\avalon\framework\avalon-framework-impl\4.3.1\avalon-framework-impl-4.3.1.jar;C:\Users\ThinkPad T470s\.m2\repository\org\plutext\jaxb-svg11\1.0.2\jaxb-svg11-1.0.2.jar;C:\Users\ThinkPad T470s\.m2\repository\org\xhtmlrenderer\flying-saucer-pdf\9.1.7\flying-saucer-pdf-9.1.7.jar;C:\Users\ThinkPad T470s\.m2\repository\xalan\serializer\2.7.1\serializer-2.7.1.jar;C:\Users\ThinkPad T470s\.m2\repository\xml-apis\xml-apis\1.4.01\xml-apis-1.4.01.jar;C:\Users\ThinkPad T470s\.m2\repository\xalan\xalan\2.7.1\xalan-2.7.1.jar;C:\Users\ThinkPad T470s\.m2\repository\com\haulmont\yarg\yarg-api\2.0.12\yarg-api-2.0.12.jar;C:\Users\ThinkPad T470s\.m2\repository\org\docx4j\docx4j-export-fo\3.3.6\docx4j-export-fo-3.3.6.jar;C:\Users\ThinkPad T470s\.m2\repository\org\plutext\jaxb-xmldsig-core\1.0.0\jaxb-xmldsig-core-1.0.0.jar;C:\Users\ThinkPad T470s\.m2\repository\org\apache\xmlgraphics\fop\2.1\fop-2.1.jar;C:\Users\ThinkPad T470s\.m2\repository\org\apache\xmlgraphics\batik-svg-dom\1.8\batik-svg-dom-1.8.jar;C:\Users\ThinkPad T470s\.m2\repository\org\apache\xmlgraphics\batik-gvt\1.8\batik-gvt-1.8.jar;C:\Users\ThinkPad T470s\.m2\repository\org\apache\xmlgraphics\batik-transcoder\1.8\batik-transcoder-1.8.jar;C:\Users\ThinkPad T470s\.m2\repository\org\apache\xmlgraphics\batik-extension\1.8\batik-extension-1.8.jar;C:\Users\ThinkPad T470s\.m2\repository\org\apache\xmlgraphics\batik-ext\1.8\batik-ext-1.8.jar;C:\Users\ThinkPad T470s\.m2\repository\dom4j\dom4j\1.6.1\dom4j-1.6.1.jar;C:\Users\ThinkPad T470s\.m2\repository\com\lowagie\itext\2.1.7\itext-2.1.7.jar;C:\Users\ThinkPad T470s\.m2\repository\org\apache\xmlgraphics\xmlgraphics-commons\2.1\xmlgraphics-commons-2.1.jar;C:\Users\ThinkPad T470s\.m2\repository\org\docx4j\docx4j-ImportXHTML\3.3.6\docx4j-ImportXHTML-3.3.6.jar;C:\Users\ThinkPad T470s\.m2\repository\org\docx4j\xhtmlrenderer\3.0.0\xhtmlrenderer-3.0.0.jar;C:\Users\ThinkPad T470s\.m2\repository\org\openoffice\ridl\3.0.0\ridl-3.0.0.jar;C:\Users\ThinkPad T470s\.m2\repository\org\antlr\antlr-runtime\3.2\antlr-runtime-3.2.jar;C:\Users\ThinkPad T470s\.m2\repository\org\apache\xmlgraphics\batik-awt-util\1.8\batik-awt-util-1.8.jar;C:\Users\ThinkPad T470s\.m2\repository\org\apache\xmlgraphics\batik-util\1.8\batik-util-1.8.jar;C:\Users\ThinkPad T470s\.m2\repository\org\apache\xmlgraphics\batik-css\1.8\batik-css-1.8.jar;C:\Users\ThinkPad T470s\.m2\repository\xml-apis\xml-apis-ext\1.3.04\xml-apis-ext-1.3.04.jar;C:\Users\ThinkPad T470s\.m2\repository\org\codehaus\groovy\groovy-all\2.4.12\groovy-all-2.4.12.jar;C:\Users\ThinkPad T470s\.m2\repository\org\apache\xmlgraphics\batik-svggen\1.8\batik-svggen-1.8.jar;C:\Users\ThinkPad T470s\.m2\repository\org\apache\poi\poi-scratchpad\3.9\poi-scratchpad-3.9.jar;C:\Users\ThinkPad T470s\.m2\repository\org\freemarker\freemarker\2.3.28\freemarker-2.3.28.jar;C:\Users\ThinkPad T470s\.m2\repository\org\apache\xmlgraphics\batik-bridge\1.8\batik-bridge-1.8.jar;C:\Users\ThinkPad T470s\.m2\repository\org\apache\xmlgraphics\batik-anim\1.8\batik-anim-1.8.jar;C:\Users\ThinkPad T470s\.m2\repository\org\apache\xmlgraphics\batik-dom\1.8\batik-dom-1.8.jar;C:\Users\ThinkPad T470s\.m2\repository\org\apache\xmlgraphics\batik-parser\1.8\batik-parser-1.8.jar;C:\Users\ThinkPad T470s\.m2\repository\org\apache\xmlgraphics\batik-script\1.8\batik-script-1.8.jar;C:\Users\ThinkPad T470s\.m2\repository\org\apache\xmlgraphics\batik-xml\1.8\batik-xml-1.8.jar;C:\Users\ThinkPad T470s\.m2\repository\org\openoffice\unoil\3.0.0\unoil-3.0.0.jar;C:\Users\ThinkPad T470s\.m2\repository\org\slf4j\slf4j-api\1.7.26\slf4j-api-1.7.26.jar;C:\Users\ThinkPad T470s\.m2\repository\org\apache\poi\poi\3.15\poi-3.15.jar;C:\Users\ThinkPad T470s\.m2\repository\org\apache\commons\commons-collections4\4.1\commons-collections4-4.1.jar;C:\Users\ThinkPad T470s\.m2\repository\org\olap4j\olap4j\1.2.0\olap4j-1.2.0.jar;C:\Users\ThinkPad T470s\.m2\repository\xerces\xercesImpl\2.11.0\xercesImpl-2.11.0.jar;C:\Users\ThinkPad T470s\.m2\repository\org\apache\commons\commons-lang3\3.8.1\commons-lang3-3.8.1.jar;C:\Users\ThinkPad T470s\.m2\repository\org\plutext\jaxb-xslfo\1.0.1\jaxb-xslfo-1.0.1.jar;C:\Users\ThinkPad T470s\.m2\repository\org\xhtmlrenderer\flying-saucer-core\9.1.7\flying-saucer-core-9.1.7.jar;C:\Users\ThinkPad T470s\.m2\repository\org\apache\avalon\framework\avalon-framework-api\4.3.1\avalon-framework-api-4.3.1.jar;C:\Users\ThinkPad T470s\.m2\repository\org\jsoup\jsoup\1.10.3\jsoup-1.10.3.jar;C:\Users\ThinkPad T470s\.m2\repository\com\opencsv\opencsv\3.10\opencsv-3.10.jar;C:\Users\ThinkPad T470s\.m2\repository\commons-beanutils\commons-beanutils\1.9.3\commons-beanutils-1.9.3.jar;C:\Users\ThinkPad T470s\.m2\repository\net\sf\jasperreports\jasperreports\6.4.1\jasperreports-6.4.1.jar;C:\Users\ThinkPad T470s\.m2\repository\commons-collections\commons-collections\3.2.2\commons-collections-3.2.2.jar;C:\Users\ThinkPad T470s\.m2\repository\commons-digester\commons-digester\2.1\commons-digester-2.1.jar;C:\Users\ThinkPad T470s\.m2\repository\org\jfree\jcommon\1.0.23\jcommon-1.0.23.jar;C:\Users\ThinkPad T470s\.m2\repository\org\jfree\jfreechart\1.0.19\jfreechart-1.0.19.jar;C:\Users\ThinkPad T470s\.m2\repository\org\codehaus\castor\castor-xml\1.3.3\castor-xml-1.3.3.jar;C:\Users\ThinkPad T470s\.m2\repository\org\codehaus\castor\castor-core\1.3.3\castor-core-1.3.3.jar;C:\Users\ThinkPad T470s\.m2\repository\commons-lang\commons-lang\2.6\commons-lang-2.6.jar;C:\Users\ThinkPad T470s\.m2\repository\javax\inject\javax.inject\1\javax.inject-1.jar;C:\Users\ThinkPad T470s\.m2\repository\stax\stax\1.2.0\stax-1.2.0.jar;C:\Users\ThinkPad T470s\.m2\repository\stax\stax-api\1.0.1\stax-api-1.0.1.jar;C:\Users\ThinkPad T470s\.m2\repository\javax\xml\stream\stax-api\1.0-2\stax-api-1.0-2.jar;C:\Users\ThinkPad T470s\.m2\repository\org\apache\lucene\lucene-core\4.5.1\lucene-core-4.5.1.jar;C:\Users\ThinkPad T470s\.m2\repository\org\apache\lucene\lucene-analyzers-common\4.5.1\lucene-analyzers-common-4.5.1.jar;C:\Users\ThinkPad T470s\.m2\repository\org\apache\lucene\lucene-queryparser\4.5.1\lucene-queryparser-4.5.1.jar;C:\Users\ThinkPad T470s\.m2\repository\org\apache\lucene\lucene-queries\4.5.1\lucene-queries-4.5.1.jar;C:\Users\ThinkPad T470s\.m2\repository\org\apache\lucene\lucene-sandbox\4.5.1\lucene-sandbox-4.5.1.jar;C:\Users\ThinkPad T470s\.m2\repository\jakarta-regexp\jakarta-regexp\1.4\jakarta-regexp-1.4.jar;C:\Users\ThinkPad T470s\.m2\repository\org\apache\httpcomponents\httpmime\4.5.9\httpmime-4.5.9.jar;C:\Users\ThinkPad T470s\.m2\repository\org\eclipse\persistence\eclipselink\2.5.2\eclipselink-2.5.2.jar;C:\Users\ThinkPad T470s\.m2\repository\org\eclipse\persistence\javax.persistence\2.1.0\javax.persistence-2.1.0.jar;C:\Users\ThinkPad T470s\.m2\repository\org\eclipse\persistence\commonj.sdo\2.1.1\commonj.sdo-2.1.1.jar;C:\Users\ThinkPad T470s\.m2\repository\org\eclipse\persistence\org.eclipse.persistence.jpa.modelgen.processor\2.5.2\org.eclipse.persistence.jpa.modelgen.processor-2.5.2.jar;C:\Users\ThinkPad T470s\.m2\repository\org\eclipse\persistence\org.eclipse.persistence.core\2.5.2\org.eclipse.persistence.core-2.5.2.jar;C:\Users\ThinkPad T470s\.m2\repository\org\eclipse\persistence\org.eclipse.persistence.asm\2.5.2\org.eclipse.persistence.asm-2.5.2.jar;C:\Users\ThinkPad T470s\.m2\repository\org\eclipse\persistence\org.eclipse.persistence.jpa\2.5.2\org.eclipse.persistence.jpa-2.5.2.jar;C:\Users\ThinkPad T470s\.m2\repository\org\eclipse\persistence\org.eclipse.persistence.antlr\2.5.2\org.eclipse.persistence.antlr-2.5.2.jar;C:\Users\ThinkPad T470s\.m2\repository\org\eclipse\persistence\org.eclipse.persistence.jpa.jpql\2.5.2\org.eclipse.persistence.jpa.jpql-2.5.2.jar;C:\Users\ThinkPad T470s\.m2\repository\javax\xml\bind\jaxb-api\2.3.0\jaxb-api-2.3.0.jar;C:\Users\ThinkPad T470s\.m2\repository\org\springframework\boot\spring-boot-starter-mail\2.1.6.RELEASE\spring-boot-starter-mail-2.1.6.RELEASE.jar;C:\Users\ThinkPad T470s\.m2\repository\org\springframework\spring-context-support\5.1.8.RELEASE\spring-context-support-5.1.8.RELEASE.jar;C:\Users\ThinkPad T470s\.m2\repository\com\sun\mail\javax.mail\1.6.2\javax.mail-1.6.2.jar;C:\Users\ThinkPad T470s\.m2\repository\javax\activation\activation\1.1\activation-1.1.jar;C:\Users\ThinkPad T470s\.m2\repository\org\postgresql\postgresql\42.2.5\postgresql-42.2.5.jar;C:\Users\ThinkPad T470s\.m2\repository\com\google\web\bindery\requestfactory-server\2.5.1\requestfactory-server-2.5.1.jar;"/>
    <property name="sun.cpu.endian" value="little"/>
    <property name="user.home" value="C:\Users\ThinkPad T470s"/>
    <property name="user.language" value="en"/>
    <property name="java.specification.vendor" value="Oracle Corporation"/>
    <property name="idea.version2019.2.2" value="true"/>
    <property name="java.home" value="C:\Program Files\Java\jdk1.8.0_221\jre"/>
    <property name="basedir" value="D:\PC\Project\Web\NLP Akademija\backend"/>
    <property name="file.separator" value="\"/>
    <property name="line.separator" value="&#10;"/>
    <property name="java.vm.specification.vendor" value="Oracle Corporation"/>
    <property name="java.specification.name" value="Java Platform API Specification"/>
    <property name="java.awt.graphicsenv" value="sun.awt.Win32GraphicsEnvironment"/>
    <property name="surefire.real.class.path" value="C:\Users\THINKP~1\AppData\Local\Temp\surefire2469684153105527268\surefirebooter6166066110589808253.jar"/>
    <property name="sun.boot.class.path" value="C:\Program Files\Java\jdk1.8.0_221\jre\lib\resources.jar;C:\Program Files\Java\jdk1.8.0_221\jre\lib\rt.jar;C:\Program Files\Java\jdk1.8.0_221\jre\lib\sunrsasign.jar;C:\Program Files\Java\jdk1.8.0_221\jre\lib\jsse.jar;C:\Program Files\Java\jdk1.8.0_221\jre\lib\jce.jar;C:\Program Files\Java\jdk1.8.0_221\jre\lib\charsets.jar;C:\Program Files\Java\jdk1.8.0_221\jre\lib\jfr.jar;C:\Program Files\Java\jdk1.8.0_221\jre\classes"/>
    <property name="user.script" value=""/>
    <property name="sun.management.compiler" value="HotSpot 64-Bit Tiered Compilers"/>
    <property name="java.runtime.version" value="1.8.0_221-b11"/>
    <property name="user.name" value="ThinkPad T470s"/>
    <property name="path.separator" value=";"/>
    <property name="os.version" value="10.0"/>
    <property name="java.endorsed.dirs" value="C:\Program Files\Java\jdk1.8.0_221\jre\lib\endorsed"/>
    <property name="java.runtime.name" value="Java(TM) SE Runtime Environment"/>
    <property name="file.encoding" value="Cp1252"/>
    <property name="java.vm.name" value="Java HotSpot(TM) 64-Bit Server VM"/>
    <property name="localRepository" value="C:\Users\ThinkPad T470s\.m2\repository"/>
    <property name="java.vendor.url.bug" value="http://bugreport.sun.com/bugreport/"/>
    <property name="java.io.tmpdir" value="C:\Users\THINKP~1\AppData\Local\Temp\"/>
    <property name="java.version" value="1.8.0_221"/>
    <property name="user.dir" value="D:\PC\Project\Web\NLP Akademija\backend"/>
    <property name="os.arch" value="amd64"/>
    <property name="java.vm.specification.name" value="Java Virtual Machine Specification"/>
    <property name="java.awt.printerjob" value="sun.awt.windows.WPrinterJob"/>
    <property name="sun.os.patch.level" value=""/>
    <property name="java.library.path" value="C:\Program Files\Java\jdk1.8.0_221\jre\bin;C:\Windows\Sun\Java\bin;C:\Windows\system32;C:\Windows;C:\Python27\;C:\Python27\Scripts;C:\Program Files (x86)\Common Files\Oracle\Java\javapath;C:\Windows\system32;C:\Windows;C:\Windows\System32\Wbem;C:\Windows\System32\WindowsPowerShell\v1.0\;C:\Windows\System32\OpenSSH\;C:\Program Files\Microsoft VS Code\bin;C:\Program Files\nodejs\;C:\ProgramData\chocolatey\bin;C:\Program Files\Git\cmd;C:\Program Files (x86)\Novosoft\C2J\Bin;C:\Users\ThinkPad T470s\AppData\Local\Microsoft\WindowsApps;;C:\Program Files\JetBrains\IntelliJ IDEA 2019.2.2\bin;;C:\Users\ThinkPad T470s\AppData\Roaming\npm;C:\Program Files\JetBrains\CLion 2019.2.3\bin;;C:\Program Files\Heroku\bin;."/>
    <property name="java.vm.info" value="mixed mode"/>
    <property name="java.vendor" value="Oracle Corporation"/>
    <property name="java.vm.version" value="25.221-b11"/>
    <property name="java.ext.dirs" value="C:\Program Files\Java\jdk1.8.0_221\jre\lib\ext;C:\Windows\Sun\Java\lib\ext"/>
    <property name="sun.io.unicode.encoding" value="UnicodeLittle"/>
    <property name="java.class.version" value="52.0"/>
  </properties>
  <testcase name="initializationError" classname="com.example.demo.NlpAkademijaApplicationTests" time="0">
    <error message="The class com.example.demo.NlpAkademijaApplicationTests is not public." type="java.lang.Exception">java.lang.Exception: The class com.example.demo.NlpAkademijaApplicationTests is not public.
</error>
  </testcase>
  <testcase name="initializationError" classname="com.example.demo.NlpAkademijaApplicationTests" time="0">
    <error message="Test class should have exactly one public constructor" type="java.lang.Exception">java.lang.Exception: Test class should have exactly one public constructor
</error>
  </testcase>
  <testcase name="initializationError" classname="com.example.demo.NlpAkademijaApplicationTests" time="0">
    <error message="Method contextLoads() should be public" type="java.lang.Exception">java.lang.Exception: Method contextLoads() should be public
</error>
  </testcase>
</testsuite>